<?xml version="1.0" encoding="UTF-8"?>
<testsuite name="com.example.mine.MineApplicationTests" tests="1" skipped="0" failures="0" errors="0" timestamp="2024-03-22T02:20:08" hostname="DESKTOP-P2V0UOJ" time="1.247">
  <properties/>
  <testcase name="contextLoads()" classname="com.example.mine.MineApplicationTests" time="1.247"/>
  <system-out><![CDATA[11:20:06.209 [Test worker] INFO org.springframework.test.context.support.AnnotationConfigContextLoaderUtils -- Could not detect default configuration classes for test class [com.example.mine.MineApplicationTests]: MineApplicationTests does not declare any static, non-private, non-final, nested classes annotated with @Configuration.
11:20:06.313 [Test worker] INFO org.springframework.boot.test.context.SpringBootTestContextBootstrapper -- Found @SpringBootConfiguration com.example.mine.MineApplication for test class com.example.mine.MineApplicationTests

  .   ____          _            __ _ _
 /\\ / ___'_ __ _ _(_)_ __  __ _ \ \ \ \
( ( )\___ | '_ | '_| | '_ \/ _` | \ \ \ \
 \\/  ___)| |_)| | | | | || (_| |  ) ) ) )
  '  |____| .__|_| |_|_| |_\__, | / / / /
 =========|_|==============|___/=/_/_/_/
 :: Spring Boot ::                (v3.2.4)

2024-03-22T11:20:06.720+09:00  INFO 3328 --- [mine] [    Test worker] com.example.mine.MineApplicationTests    : Starting MineApplicationTests using Java 21.0.1 with PID 3328 (started by ijj28 in C:\Users\ijj28\Desktop\mine\mine)
2024-03-22T11:20:06.721+09:00  INFO 3328 --- [mine] [    Test worker] com.example.mine.MineApplicationTests    : No active profile set, falling back to 1 default profile: "default"
2024-03-22T11:20:07.520+09:00  WARN 3328 --- [mine] [    Test worker] trationDelegate$BeanPostProcessorChecker : Bean 'org.springframework.ws.config.annotation.DelegatingWsConfiguration' of type [org.springframework.ws.config.annotation.DelegatingWsConfiguration$$SpringCGLIB$$0] is not eligible for getting processed by all BeanPostProcessors (for example: not eligible for auto-proxying). The currently created BeanPostProcessor [annotationActionEndpointMapping] is declared through a non-static factory method on that class; consider declaring it as static instead.
2024-03-22T11:20:07.571+09:00  INFO 3328 --- [mine] [    Test worker] .w.s.a.s.AnnotationActionEndpointMapping : Supporting [WS-Addressing August 2004, WS-Addressing 1.0]
2024-03-22T11:20:08.360+09:00  INFO 3328 --- [mine] [    Test worker] com.example.mine.MineApplicationTests    : Started MineApplicationTests in 1.868 seconds (process running for 3.059)
]]></system-out>
  <system-err><![CDATA[WARNING: A Java agent has been loaded dynamically (C:\Users\ijj28\.gradle\caches\modules-2\files-2.1\net.bytebuddy\byte-buddy-agent\1.14.12\be4984cb6fd1ef1d11f218a648889dfda44b8a15\byte-buddy-agent-1.14.12.jar)
WARNING: If a serviceability tool is in use, please run with -XX:+EnableDynamicAgentLoading to hide this warning
WARNING: If a serviceability tool is not in use, please run with -Djdk.instrument.traceUsage for more information
WARNING: Dynamic loading of agents will be disallowed by default in a future release
]]></system-err>
</testsuite>
